<?xml version="1.0" encoding="UTF-8"?>
<!-- Generated by org.testng.reporters.JUnitReportReporter -->
<testsuite skipped="0" hostname="BLU-LP-00004" name="com.shopeeSG.TestScripts.TestRunner" tests="1" failures="0" timestamp="2020-04-06T09:34:58 SGT" time="66.073" errors="0">
  <testcase name="swipeAllScreen" time="66.073" classname="com.shopeeSG.TestScripts.TestRunner"/>
</testsuite> <!-- com.shopeeSG.TestScripts.TestRunner -->
